Engine-Match Wednesday, January 08, 2014 6:00:23 PM
 Tournament Game in 5 Minutes 

Pairing 1/1 :    Exacto.0.d  -  DirtyBit

PGN-File: C:\Program Files (x86)\Arena\Arena.pgn

No:  B/W 1/2     W:B       1:2           Time        Value Moves Dep 1:2       1-2-Draws

--------------------------------------------------------------

Engine-Match Wednesday, January 08, 2014 6:21:00 PM
 Tournament Game in 10 Minutes 

Pairing 1/1 :    DirtyBit  -  Exacto.0.d

PGN-File: C:\Program Files (x86)\Arena\Arena.pgn

No:  B/W 1/2     W:B       1:2           Time        Value Moves Dep 1:2       1-2-Draws

--------------------------------------------------------------

Engine-Match Wednesday, January 08, 2014 11:31:10 PM
 Tournament Game in 5 Minutes 

Pairing 1/1 :    Exacto.0.d  -  DirtyBit

PGN-File: C:\Program Files (x86)\Arena\Arena.pgn

No:  B/W 1/2     W:B       1:2           Time        Value Moves Dep 1:2       1-2-Draws

--------------------------------------------------------------

Engine-Match Sunday, January 12, 2014 12:28:00 PM
 Tournament Game in 5 Minutes 

Pairing 1/1 :    DirtyBit  -  Exacto.0.d

PGN-File: C:\Program Files (x86)\Arena\Arena.pgn

No:  B/W 1/2     W:B       1:2           Time        Value Moves Dep 1:2       1-2-Draws

--------------------------------------------------------------

Engine-Match Sunday, January 12, 2014 12:29:24 PM
 Tournament Game in 5 Minutes 

Pairing 1/1 :    DirtyBit  -  Exacto.0.d

PGN-File: C:\Program Files (x86)\Arena\Arena.pgn

No:  B/W 1/2     W:B       1:2           Time        Value Moves Dep 1:2       1-2-Draws

--------------------------------------------------------------

Engine-Match Sunday, January 12, 2014 12:58:20 PM
 Tournament Game in 5 Minutes 

Pairing 1/1 :    DirtyBit  -  Exacto.0.d

PGN-File: C:\Program Files (x86)\Arena\Arena.pgn

No:  B/W 1/2     W:B       1:2           Time        Value Moves Dep 1:2       1-2-Draws
